2026-01-29 13:32:06,308 - __main__ - INFO - Советник по торговым сеткам инициализирован
2026-01-29 13:34:04,695 - __main__ - INFO - Найдено 216 ликвидных пар
2026-01-29 13:34:04,696 - __main__ - INFO - Анализируем пару 1/50: BTC/USDT
2026-01-29 13:34:05,342 - __main__ - INFO - Анализируем пару 2/50: ETH/USDT
2026-01-29 13:34:05,956 - __main__ - INFO - Анализируем пару 3/50: BNB/USDT
2026-01-29 13:34:06,574 - __main__ - INFO - Анализируем пару 4/50: LTC/USDT
2026-01-29 13:34:07,196 - __main__ - INFO - Анализируем пару 5/50: ADA/USDT
2026-01-29 13:34:07,811 - __main__ - INFO - Анализируем пару 6/50: XRP/USDT
2026-01-29 13:34:08,428 - __main__ - INFO - Анализируем пару 7/50: IOTA/USDT
2026-01-29 13:34:09,065 - __main__ - INFO - Анализируем пару 8/50: XLM/USDT
2026-01-29 13:34:09,679 - __main__ - INFO - Анализируем пару 9/50: TRX/USDT
2026-01-29 13:34:10,291 - __main__ - INFO - Анализируем пару 10/50: ETC/USDT
2026-01-29 13:34:10,905 - __main__ - INFO - Анализируем пару 11/50: VET/USDT
2026-01-29 13:34:11,515 - __main__ - INFO - Анализируем пару 12/50: USDC/USDT
2026-01-29 13:34:12,126 - __main__ - INFO - Анализируем пару 13/50: LINK/USDT
2026-01-29 13:34:12,736 - __main__ - INFO - Анализируем пару 14/50: FET/USDT
2026-01-29 13:34:13,358 - __main__ - INFO - Анализируем пару 15/50: ZEC/USDT
2026-01-29 13:34:13,968 - __main__ - INFO - Анализируем пару 16/50: DASH/USDT
2026-01-29 13:34:14,582 - __main__ - INFO - Анализируем пару 17/50: ATOM/USDT
2026-01-29 13:34:15,195 - __main__ - INFO - Анализируем пару 18/50: ALGO/USDT
2026-01-29 13:34:15,810 - __main__ - INFO - Анализируем пару 19/50: DOGE/USDT
2026-01-29 13:34:16,423 - __main__ - INFO - Анализируем пару 20/50: DUSK/USDT
2026-01-29 13:34:17,034 - __main__ - INFO - Анализируем пару 21/50: FUN/USDT
2026-01-29 13:34:17,660 - __main__ - INFO - Анализируем пару 22/50: CHZ/USDT
2026-01-29 13:34:18,272 - __main__ - INFO - Анализируем пару 23/50: XTZ/USDT
2026-01-29 13:34:18,887 - __main__ - INFO - Анализируем пару 24/50: HBAR/USDT
2026-01-29 13:34:19,509 - __main__ - INFO - Анализируем пару 25/50: STX/USDT
2026-01-29 13:34:20,121 - __main__ - INFO - Анализируем пару 26/50: ARPA/USDT
2026-01-29 13:34:20,737 - __main__ - INFO - Анализируем пару 27/50: BCH/USDT
2026-01-29 13:34:21,345 - __main__ - INFO - Анализируем пару 28/50: EUR/USDT
2026-01-29 13:34:21,962 - __main__ - INFO - Анализируем пару 29/50: SOL/USDT
2026-01-29 13:34:22,570 - __main__ - INFO - Анализируем пару 30/50: COMP/USDT
2026-01-29 13:34:23,182 - __main__ - INFO - Анализируем пару 31/50: ZEN/USDT
2026-01-29 13:34:23,793 - __main__ - INFO - Анализируем пару 32/50: SNX/USDT
2026-01-29 13:34:24,406 - __main__ - INFO - Анализируем пару 33/50: SXP/USDT
2026-01-29 13:34:25,024 - __main__ - INFO - Анализируем пару 34/50: MANA/USDT
2026-01-29 13:34:25,640 - __main__ - INFO - Анализируем пару 35/50: JST/USDT
2026-01-29 13:34:26,253 - __main__ - INFO - Анализируем пару 36/50: CRV/USDT
2026-01-29 13:34:27,969 - __main__ - INFO - Анализируем пару 37/50: SAND/USDT
2026-01-29 13:34:28,584 - __main__ - INFO - Анализируем пару 38/50: DOT/USDT
2026-01-29 13:34:29,616 - __main__ - INFO - Анализируем пару 39/50: PAXG/USDT
2026-01-29 13:34:30,231 - __main__ - INFO - Анализируем пару 40/50: RUNE/USDT
2026-01-29 13:34:31,281 - __main__ - INFO - Анализируем пару 41/50: UNI/USDT
2026-01-29 13:34:31,892 - __main__ - INFO - Анализируем пару 42/50: SUN/USDT
2026-01-29 13:34:32,505 - __main__ - INFO - Анализируем пару 43/50: AVAX/USDT
2026-01-29 13:34:33,121 - __main__ - INFO - Анализируем пару 44/50: XVS/USDT
2026-01-29 13:34:33,730 - __main__ - INFO - Анализируем пару 45/50: AAVE/USDT
2026-01-29 13:34:34,346 - __main__ - INFO - Анализируем пару 46/50: NEAR/USDT
2026-01-29 13:34:34,966 - __main__ - INFO - Анализируем пару 47/50: FIL/USDT
2026-01-29 13:34:35,580 - __main__ - INFO - Анализируем пару 48/50: INJ/USDT
2026-01-29 13:34:36,195 - __main__ - INFO - Анализируем пару 49/50: AXS/USDT
2026-01-29 13:34:36,808 - __main__ - INFO - Анализируем пару 50/50: STRAX/USDT
2026-01-29 13:34:37,860 - __main__ - INFO - Рекомендации сохранены в grid_recommendations.json
2026-01-29 13:35:56,432 - __main__ - ERROR - Ошибка в main: 'GridRecommendation' object has no attribute 'grid_levels'
Traceback (most recent call last):
  File "/workspaces/advisor/grid_advisor.py", line 750, in main
    print(f"Рекомендуемая сетка: {best.grid_levels} уровней")
                                  ^^^^^^^^^^^^^^^^
AttributeError: 'GridRecommendation' object has no attribute 'grid_levels'
2026-01-29 13:51:21,637 - __main__ - INFO - Советник по торговым сеткам инициализирован
2026-01-29 13:53:23,013 - __main__ - INFO - Найдено 218 ликвидных пар
2026-01-29 13:53:23,013 - __main__ - INFO - Начинаем анализ 218 пар...
2026-01-29 13:53:23,013 - __main__ - INFO - Анализируем пару 1/50: BTC/USDT
2026-01-29 13:53:23,751 - __main__ - INFO - Анализируем пару 2/50: ETH/USDT
2026-01-29 13:53:24,496 - __main__ - INFO - Анализируем пару 3/50: BNB/USDT
2026-01-29 13:53:25,226 - __main__ - INFO - Анализируем пару 4/50: LTC/USDT
2026-01-29 13:53:25,953 - __main__ - INFO - Анализируем пару 5/50: ADA/USDT
2026-01-29 13:53:26,682 - __main__ - INFO - Анализируем пару 6/50: XRP/USDT
2026-01-29 13:53:27,415 - __main__ - INFO - Анализируем пару 7/50: IOTA/USDT
2026-01-29 13:53:28,143 - __main__ - INFO - Анализируем пару 8/50: XLM/USDT
2026-01-29 13:53:28,877 - __main__ - INFO - Анализируем пару 9/50: TRX/USDT
2026-01-29 13:53:29,610 - __main__ - INFO - Анализируем пару 10/50: ETC/USDT
2026-01-29 13:53:30,333 - __main__ - INFO - Анализируем пару 11/50: VET/USDT
2026-01-29 13:53:31,063 - __main__ - INFO - Анализируем пару 12/50: USDC/USDT
2026-01-29 13:53:31,792 - __main__ - INFO - Анализируем пару 13/50: LINK/USDT
2026-01-29 13:53:32,530 - __main__ - INFO - Анализируем пару 14/50: FET/USDT
2026-01-29 13:53:33,254 - __main__ - INFO - Анализируем пару 15/50: ZEC/USDT
2026-01-29 13:53:33,989 - __main__ - INFO - Анализируем пару 16/50: DASH/USDT
2026-01-29 13:53:34,720 - __main__ - INFO - Анализируем пару 17/50: ENJ/USDT
2026-01-29 13:53:35,448 - __main__ - INFO - Анализируем пару 18/50: ATOM/USDT
2026-01-29 13:53:36,182 - __main__ - INFO - Анализируем пару 19/50: ALGO/USDT
2026-01-29 13:53:36,913 - __main__ - INFO - Анализируем пару 20/50: DOGE/USDT
2026-01-29 13:53:37,640 - __main__ - INFO - Анализируем пару 21/50: DUSK/USDT
2026-01-29 13:53:38,367 - __main__ - INFO - Анализируем пару 22/50: FUN/USDT
2026-01-29 13:53:39,098 - __main__ - INFO - Анализируем пару 23/50: CHZ/USDT
2026-01-29 13:53:39,826 - __main__ - INFO - Анализируем пару 24/50: XTZ/USDT
2026-01-29 13:53:40,559 - __main__ - INFO - Анализируем пару 25/50: HBAR/USDT
2026-01-29 13:53:41,286 - __main__ - INFO - Анализируем пару 26/50: STX/USDT
2026-01-29 13:53:42,013 - __main__ - INFO - Анализируем пару 27/50: ARPA/USDT
2026-01-29 13:53:42,754 - __main__ - INFO - Анализируем пару 28/50: BCH/USDT
2026-01-29 13:53:43,481 - __main__ - INFO - Анализируем пару 29/50: EUR/USDT
2026-01-29 13:53:44,214 - __main__ - INFO - Анализируем пару 30/50: SOL/USDT
2026-01-29 13:53:44,942 - __main__ - INFO - Анализируем пару 31/50: COMP/USDT
2026-01-29 13:53:46,101 - __main__ - INFO - Анализируем пару 32/50: ZEN/USDT
2026-01-29 13:53:47,252 - __main__ - INFO - Анализируем пару 33/50: SNX/USDT
2026-01-29 13:53:47,987 - __main__ - INFO - Анализируем пару 34/50: SXP/USDT
2026-01-29 13:53:49,157 - __main__ - INFO - Анализируем пару 35/50: MANA/USDT
2026-01-29 13:53:50,342 - __main__ - INFO - Анализируем пару 36/50: JST/USDT
2026-01-29 13:53:51,514 - __main__ - INFO - Анализируем пару 37/50: CRV/USDT
2026-01-29 13:53:52,672 - __main__ - INFO - Анализируем пару 38/50: SAND/USDT
2026-01-29 13:53:53,399 - __main__ - INFO - Анализируем пару 39/50: DOT/USDT
2026-01-29 13:53:54,127 - __main__ - INFO - Анализируем пару 40/50: PAXG/USDT
2026-01-29 13:53:54,854 - __main__ - INFO - Анализируем пару 41/50: RUNE/USDT
2026-01-29 13:53:55,584 - __main__ - INFO - Анализируем пару 42/50: BEL/USDT
2026-01-29 13:53:56,758 - __main__ - INFO - Анализируем пару 43/50: UNI/USDT
2026-01-29 13:53:57,496 - __main__ - INFO - Анализируем пару 44/50: SUN/USDT
2026-01-29 13:53:58,673 - __main__ - INFO - Анализируем пару 45/50: AVAX/USDT
2026-01-29 13:53:59,829 - __main__ - INFO - Анализируем пару 46/50: XVS/USDT
2026-01-29 13:54:00,554 - __main__ - INFO - Анализируем пару 47/50: AAVE/USDT
2026-01-29 13:54:01,289 - __main__ - INFO - Анализируем пару 48/50: NEAR/USDT
2026-01-29 13:54:02,017 - __main__ - INFO - Анализируем пару 49/50: FIL/USDT
2026-01-29 13:54:02,741 - __main__ - INFO - Анализируем пару 50/50: INJ/USDT
2026-01-29 13:54:03,474 - __main__ - INFO - Получено 10 рекомендаций
2026-01-29 13:54:03,477 - __main__ - INFO - Рекомендации сохранены в grid_recommendations.json
